<?xml version="1.0" encoding="UTF-8"?>
<!-- Generated by org.testng.reporters.JUnitXMLReporter -->
<testsuite ignored="0" hostname="LIN49004698" failures="0" tests="3" name="Default test" time="8.01" errors="0" timestamp="2024-04-12T12:31:43 IST">
  <testcase classname="api.test.DataDrivenTest" name="testPostUser" time="2.89"/>
  <testcase classname="api.test.DataDrivenTest" name="testPostUser" time="1.86"/>
  <testcase classname="api.test.DataDrivenTest" name="testPostUser" time="1.677"/>
</testsuite> <!-- Default test -->
