<?xml version="1.0" encoding="UTF-8"?>
<testsuite xmlns:xsi="http://www.w3.org/2001/XMLSchema-instance" xsi:noNamespaceSchemaLocation="https://maven.apache.org/surefire/maven-surefire-plugin/xsd/surefire-test-report-3.0.xsd" version="3.0" name="TestSuite" time="13.564" tests="7" errors="0" skipped="0" failures="0">
  <properties>
[...]
</properties>
  <testcase name="testPostUser[1111, testUser1, john, candey, a@gmail.com, test@1, 123456789](1)" classname="api.test.DataDrivenTest" time="2.896">
    <system-out><![CDATA[2024-04-12T08:12:46.141515500Z main ERROR SystemPropertyArbiter contains an invalid element or attribute "List"
2024-04-12T08:12:46.172066400Z main ERROR Unable to locate appender "Out" for logger config "root"
2024-04-12T08:12:46.172066400Z main ERROR Unable to locate appender "Out" for logger config "org.apache.test"
Request method:	POST
Request URI:	https://petstore.swagger.io/v2/user
Proxy:			<none>
Request params:	<none>
Query params:	<none>
Form params:	<none>
Path params:	<none>
Headers:		Accept=application/json, application/javascript, text/javascript, text/json
				Content-Type=application/json
Cookies:		<none>
Multiparts:		<none>
Body:
{
    "id": 1111,
    "username": "testUser1",
    "firstName": "john",
    "lastName": "candey",
    "email": "a@gmail.com",
    "password": "test@1",
    "phone": "123456789",
    "userStatus": 0
}
]]></system-out>
    <system-err><![CDATA[SLF4J: Failed to load class "org.slf4j.impl.StaticLoggerBinder".
SLF4J: Defaulting to no-operation (NOP) logger implementation
SLF4J: See http://www.slf4j.org/codes.html#StaticLoggerBinder for further details.
]]></system-err>
  </testcase>
  <testcase name="testPostUser[1112, testUser2, kim, kom, b@gmail.com, test@2, 123456789](2)" classname="api.test.DataDrivenTest" time="1.218">
    <system-out><![CDATA[Request method:	POST
Request URI:	https://petstore.swagger.io/v2/user
Proxy:			<none>
Request params:	<none>
Query params:	<none>
Form params:	<none>
Path params:	<none>
Headers:		Accept=application/json, application/javascript, text/javascript, text/json
				Content-Type=application/json
Cookies:		<none>
Multiparts:		<none>
Body:
{
    "id": 1112,
    "username": "testUser2",
    "firstName": "kim",
    "lastName": "kom",
    "email": "b@gmail.com",
    "password": "test@2",
    "phone": "123456789",
    "userStatus": 0
}
]]></system-out>
  </testcase>
  <testcase name="testPostUser[1112, testUser3, steve, steve, c@gmail.com, test@3, 123456789](3)" classname="api.test.DataDrivenTest" time="1.235">
    <system-out><![CDATA[Request method:	POST
Request URI:	https://petstore.swagger.io/v2/user
Proxy:			<none>
Request params:	<none>
Query params:	<none>
Form params:	<none>
Path params:	<none>
Headers:		Accept=application/json, application/javascript, text/javascript, text/json
				Content-Type=application/json
Cookies:		<none>
Multiparts:		<none>
Body:
{
    "id": 1112,
    "username": "testUser3",
    "firstName": "steve",
    "lastName": "steve",
    "email": "c@gmail.com",
    "password": "test@3",
    "phone": "123456789",
    "userStatus": 0
}
]]></system-out>
  </testcase>
  <testcase name="testPostUser" classname="api.test.UserTests" time="1.161">
    <system-out><![CDATA[Request method:	POST
Request URI:	https://petstore.swagger.io/v2/user
Proxy:			<none>
Request params:	<none>
Query params:	<none>
Form params:	<none>
Path params:	<none>
Headers:		Accept=application/json, application/javascript, text/javascript, text/json
				Content-Type=application/json
Cookies:		<none>
Multiparts:		<none>
Body:
{
    "id": 1871079355,
    "username": "alease.larson",
    "firstName": "Hassan",
    "lastName": "Gaylord",
    "email": "ina.kautzer@example.com",
    "password": "m27k9z9k",
    "phone": "1-354-505-2890",
    "userStatus": 0
}
HTTP/1.1 200 OK
Date: Fri, 12 Apr 2024 08:12:53 GMT
Content-Type: application/json
Transfer-Encoding: chunked
Connection: keep-alive
Access-Control-Allow-Origin: *
Access-Control-Allow-Methods: GET, POST, DELETE, PUT
Access-Control-Allow-Headers: Content-Type, api_key, Authorization
Server: Jetty(9.2.9.v20150224)

{
    "code": 200,
    "type": "unknown",
    "message": "1871079355"
}
]]></system-out>
  </testcase>
  <testcase name="testGetUser" classname="api.test.UserTests" time="1.293">
    <system-out><![CDATA[Request method:	GET
Request URI:	https://petstore.swagger.io/v2/user/alease.larson
Proxy:			<none>
Request params:	<none>
Query params:	<none>
Form params:	<none>
Path params:	username=alease.larson
Headers:		Accept=*/*
Cookies:		<none>
Multiparts:		<none>
Body:			<none>
HTTP/1.1 200 OK
Date: Fri, 12 Apr 2024 08:12:55 GMT
Content-Type: application/json
Transfer-Encoding: chunked
Connection: keep-alive
Access-Control-Allow-Origin: *
Access-Control-Allow-Methods: GET, POST, DELETE, PUT
Access-Control-Allow-Headers: Content-Type, api_key, Authorization
Server: Jetty(9.2.9.v20150224)

{
    "id": 1871079355,
    "username": "alease.larson",
    "firstName": "Hassan",
    "lastName": "Gaylord",
    "email": "ina.kautzer@example.com",
    "password": "m27k9z9k",
    "phone": "1-354-505-2890",
    "userStatus": 0
}
io.restassured.internal.RestAssuredResponseImpl@67e1a5fd
]]></system-out>
  </testcase>
  <testcase name="testUpdateUserByName" classname="api.test.UserTests" time="2.392">
    <system-out><![CDATA[{
    "code": 200,
    "type": "unknown",
    "message": "1871079355"
}
Request method:	GET
Request URI:	https://petstore.swagger.io/v2/user/alease.larson
Proxy:			<none>
Request params:	<none>
Query params:	<none>
Form params:	<none>
Path params:	username=alease.larson
Headers:		Accept=*/*
Cookies:		<none>
Multiparts:		<none>
Body:			<none>
HTTP/1.1 200 OK
Date: Fri, 12 Apr 2024 08:12:56 GMT
Content-Type: application/json
Transfer-Encoding: chunked
Connection: keep-alive
Access-Control-Allow-Origin: *
Access-Control-Allow-Methods: GET, POST, DELETE, PUT
Access-Control-Allow-Headers: Content-Type, api_key, Authorization
Server: Jetty(9.2.9.v20150224)

{
    "code": 200,
    "type": "unknown",
    "message": "1871079355"
}
io.restassured.internal.RestAssuredResponseImpl@56ec6ac0
]]></system-out>
  </testcase>
  <testcase name="testDeleteUser" classname="api.test.UserTests" time="1.207"/>
</testsuite>