<?xml version="1.0" encoding="UTF-8"?>
<!-- Generated by org.testng.reporters.JUnitXMLReporter -->
<testsuite ignored="0" hostname="LIN49004698" failures="0" tests="7" name="PetTest" time="13.022" errors="0" timestamp="2024-04-12T13:42:58 IST">
  <testcase classname="api.test.DataDrivenTest" name="testPostUser" time="2.897"/>
  <testcase classname="api.test.DataDrivenTest" name="testPostUser" time="1.22"/>
  <testcase classname="api.test.DataDrivenTest" name="testPostUser" time="1.242"/>
  <testcase classname="api.test.UserTests" name="testPostUser" time="1.161"/>
  <testcase classname="api.test.UserTests" name="testGetUser" time="1.293"/>
  <testcase classname="api.test.UserTests" name="testUpdateUserByName" time="2.39"/>
  <testcase classname="api.test.UserTests" name="testDeleteUser" time="1.208"/>
</testsuite> <!-- PetTest -->
